Aug-15 00:24:59.704 [main] DEBUG nextflow.cli.Launcher - $> nextflow run main.nf -params-file params.yml
Aug-15 00:24:59.849 [main] DEBUG nextflow.cli.CmdRun - N E X T F L O W  ~  version 25.04.6
Aug-15 00:24:59.892 [main] DEBUG nextflow.plugin.PluginsFacade - Setting up plugin manager > mode=prod; embedded=false; plugins-dir=/scratch/home/agupta1/.nextflow/plugins; core-plugins: nf-amazon@2.15.0,nf-azure@1.16.0,nf-cloudcache@0.4.3,nf-codecommit@0.2.3,nf-console@1.2.1,nf-google@1.21.1,nf-k8s@1.0.0,nf-tower@1.11.4,nf-wave@1.12.1
Aug-15 00:24:59.929 [main] INFO  o.pf4j.DefaultPluginStatusProvider - Enabled plugins: []
Aug-15 00:24:59.931 [main] INFO  o.pf4j.DefaultPluginStatusProvider - Disabled plugins: []
Aug-15 00:24:59.935 [main] INFO  org.pf4j.DefaultPluginManager - PF4J version 3.12.0 in 'deployment' mode
Aug-15 00:24:59.956 [main] INFO  org.pf4j.AbstractPluginManager - No plugins
Aug-15 00:25:00.076 [main] DEBUG n.secret.LocalSecretsProvider - Secrets store: /scratch/home/agupta1/.nextflow/secrets/store.json
Aug-15 00:25:00.091 [main] DEBUG nextflow.secret.SecretsLoader - Discovered secrets providers: [nextflow.secret.LocalSecretsProvider@56de6d6b] - activable => nextflow.secret.LocalSecretsProvider@56de6d6b
Aug-15 00:25:00.220 [main] DEBUG nextflow.cli.CmdRun - Applied DSL=2 by global default
Aug-15 00:25:00.243 [main] DEBUG nextflow.cli.CmdRun - Launching `main.nf` [maniac_meninsky] DSL2 - revision: fafbec51fd
Aug-15 00:25:00.245 [main] DEBUG nextflow.plugin.PluginsFacade - Plugins default=[]
Aug-15 00:25:00.246 [main] DEBUG nextflow.plugin.PluginsFacade - Plugins resolved requirement=[]
Aug-15 00:25:00.330 [main] DEBUG nextflow.Session - Session UUID: ef6589d7-7e8c-414e-9114-8e8826b205c5
Aug-15 00:25:00.331 [main] DEBUG nextflow.Session - Run name: maniac_meninsky
Aug-15 00:25:00.332 [main] DEBUG nextflow.Session - Executor pool size: 2
Aug-15 00:25:00.343 [main] DEBUG nextflow.file.FilePorter - File porter settings maxRetries=3; maxTransfers=50; pollTimeout=null
Aug-15 00:25:00.352 [main] DEBUG nextflow.util.ThreadPoolBuilder - Creating thread pool 'FileTransfer' minSize=10; maxSize=10; workQueue=LinkedBlockingQueue[-1]; allowCoreThreadTimeout=false
Aug-15 00:25:00.387 [main] DEBUG nextflow.cli.CmdRun - 
  Version: 25.04.6 build 5954
  Created: 01-07-2025 11:27 UTC (04:27 PDT)
  System: Linux 5.14.0-570.28.1.el9_6.x86_64
  Runtime: Groovy 4.0.26 on OpenJDK 64-Bit Server VM 21.0.6+9-b895.97
  Encoding: UTF-8 (UTF-8)
  Process: 2522100@node20.cluster [10.1.1.20]
  CPUs: 2 - Mem: 125.8 GB (123.1 GB) - Swap: 4 GB (3.9 GB)
Aug-15 00:25:00.421 [main] DEBUG nextflow.Session - Work-dir: /scratch/home/agupta1/TB/work [fhgfs]
Aug-15 00:25:00.422 [main] DEBUG nextflow.Session - Script base path does not exist or is not a directory: /scratch/home/agupta1/TB/bin
Aug-15 00:25:00.435 [main] DEBUG nextflow.executor.ExecutorFactory - Extension executors providers=[]
Aug-15 00:25:00.448 [main] DEBUG nextflow.Session - Observer factory: DefaultObserverFactory
Aug-15 00:25:00.454 [main] DEBUG nextflow.Session - Observer factory (v2): LinObserverFactory
Aug-15 00:25:00.494 [main] DEBUG nextflow.cache.CacheFactory - Using Nextflow cache factory: nextflow.cache.DefaultCacheFactory
Aug-15 00:25:00.559 [main] DEBUG nextflow.util.CustomThreadPool - Creating default thread pool > poolSize: 3; maxThreads: 1000
Aug-15 00:25:00.653 [main] DEBUG nextflow.Session - Session start
Aug-15 00:25:01.377 [main] DEBUG nextflow.script.ScriptRunner - > Launching execution
Aug-15 00:25:01.801 [main] DEBUG nextflow.executor.ExecutorFactory - << taskConfig executor: null
Aug-15 00:25:01.802 [main] DEBUG nextflow.executor.ExecutorFactory - >> processorType: 'local'
Aug-15 00:25:01.810 [main] DEBUG nextflow.executor.Executor - [warm up] executor > local
Aug-15 00:25:01.821 [main] DEBUG n.processor.LocalPollingMonitor - Creating local task monitor for executor 'local' > cpus=2; memory=125.8 GB; capacity=2; pollInterval=100ms; dumpInterval=5m
Aug-15 00:25:01.824 [main] DEBUG n.processor.TaskPollingMonitor - >>> barrier register (monitor: local)
Aug-15 00:25:01.872 [main] DEBUG nextflow.processor.TaskProcessor - Creating process 'GET_WGS': maxForks=0; fair=false; array=0
Aug-15 00:25:02.011 [main] DEBUG nextflow.Session - Workflow process names [dsl2]: GET_WGS
Aug-15 00:25:02.014 [main] DEBUG nextflow.Session - Igniting dataflow network (1)
Aug-15 00:25:02.016 [main] DEBUG nextflow.processor.TaskProcessor - Starting process > GET_WGS
Aug-15 00:25:02.019 [main] DEBUG nextflow.script.ScriptRunner - Parsed script files:
  Script_19479ee01d06d3a5: /scratch/home/agupta1/TB/main.nf
  Script_88ed38c5de3ee612: /scratch/home/agupta1/TB/modules/getwgs.nf
Aug-15 00:25:02.020 [main] DEBUG nextflow.script.ScriptRunner - > Awaiting termination 
Aug-15 00:25:02.021 [main] DEBUG nextflow.Session - Session await
Aug-15 00:25:02.272 [Task submitter] DEBUG n.executor.local.LocalTaskHandler - Launch cmd line: /bin/bash -ue .command.run
Aug-15 00:25:02.275 [Task submitter] INFO  nextflow.Session - [81/3b893f] Submitted process > GET_WGS
Aug-15 00:27:17.129 [SIGINT handler] DEBUG nextflow.Session - Session aborted -- Cause: SIGINT
Aug-15 00:27:17.148 [Task monitor] DEBUG n.processor.TaskPollingMonitor - <<< barrier arrives (monitor: local) - terminating tasks monitor poll loop
Aug-15 00:27:17.157 [SIGINT handler] DEBUG nextflow.Session - The following nodes are still active:
  [operator] view

Aug-15 00:27:17.172 [main] DEBUG nextflow.Session - Session await > all processes finished
Aug-15 00:27:17.172 [main] DEBUG nextflow.Session - Session await > all barriers passed
Aug-15 00:27:17.185 [main] WARN  n.processor.TaskPollingMonitor - Killing running tasks (1)
Aug-15 00:27:17.207 [main] DEBUG n.executor.local.LocalTaskHandler - Unable to kill GET_WGS -- command: kill -TERM 2522179; exit: 1 
 bash: line 1: kill: (2522179) - No such process

Aug-15 00:27:17.229 [main] DEBUG n.trace.WorkflowStatsObserver - Workflow completed > WorkflowStats[succeededCount=0; failedCount=0; ignoredCount=0; cachedCount=0; pendingCount=0; submittedCount=0; runningCount=0; retriesCount=0; abortedCount=1; succeedDuration=0ms; failedDuration=0ms; cachedDuration=0ms;loadCpus=0; loadMemory=0; peakRunning=1; peakCpus=1; peakMemory=0; ]
Aug-15 00:27:17.357 [main] DEBUG nextflow.cache.CacheDB - Closing CacheDB done
Aug-15 00:27:17.372 [main] DEBUG nextflow.script.ScriptRunner - > Execution complete -- Goodbye
