[2025-08-13 20:23:26,693] multiqc                                            [DEBUG  ]  No MultiQC config found: /scratch/home/agupta1/miniconda3/envs/multiqc/lib/python2.7/site-packages/multiqc-1.0.dev0-py2.7.egg/multiqc_config.yaml
[2025-08-13 20:23:26,693] multiqc                                            [DEBUG  ]  No MultiQC config found: /scratch/home/agupta1/.multiqc_config.yaml
[2025-08-13 20:23:26,693] multiqc                                            [DEBUG  ]  No MultiQC config found: multiqc_config.yaml
[2025-08-13 20:23:26,693] multiqc                                            [DEBUG  ]  Command used: /home/agupta1/miniconda3/envs/multiqc/bin/multiqc .
[2025-08-13 20:23:26,693] multiqc                                            [DEBUG  ]  Could not connect to multiqc.info for version check
[2025-08-13 20:23:26,693] multiqc                                            [INFO   ]  This is MultiQC v1.0.dev0
[2025-08-13 20:23:26,693] multiqc                                            [DEBUG  ]  Command     : /home/agupta1/miniconda3/envs/multiqc/bin/multiqc .
[2025-08-13 20:23:26,694] multiqc                                            [DEBUG  ]  Working dir : /scratch/home/agupta1/TB/results/qcdata
[2025-08-13 20:23:26,694] multiqc                                            [INFO   ]  Template    : default
[2025-08-13 20:23:26,694] multiqc                                            [INFO   ]  Searching '.'
[2025-08-13 20:23:26,694] multiqc                                            [DEBUG  ]  Analysing modules: custom_content, peddy, methylQA, qualimap, preseq, quast, rseqc, busco, goleft_indexcov, snpeff, gatk, htseq, bcftools, featureCounts, picard, prokka, samblaster, samtools, bamtools, bismark, hicup, salmon, kallisto, slamdunk, star, tophat, bowtie2, bowtie1, cutadapt, trimmomatic, skewer, fastq_screen, fastqc, clusterflow
[2025-08-13 20:23:26,694] multiqc                                            [DEBUG  ]  Using temporary directory for creating report: /tmp/tmpyrRJep
[2025-08-13 20:23:27,178] multiqc.modules.custom_content.custom_content      [DEBUG  ]  No custom content found
[2025-08-13 20:23:27,183] multiqc.modules.peddy.peddy                        [DEBUG  ]  Could not find any reports in ('.',)
[2025-08-13 20:23:27,188] multiqc.modules.methylQA.methylQA                  [DEBUG  ]  Could not find any reports in ('.',)
[2025-08-13 20:23:27,193] multiqc.modules.qualimap.QM_BamQC                  [DEBUG  ]  Using default Qualimap thresholds: 1, 5, 10, 30, 50
[2025-08-13 20:23:27,197] multiqc.modules.qualimap.qualimap                  [DEBUG  ]  Could not find any reports in ('.',)
[2025-08-13 20:23:27,236] multiqc.modules.preseq.preseq                      [DEBUG  ]  Could not find any preseq data in ('.',)
[2025-08-13 20:23:27,240] multiqc.modules.quast.quast                        [DEBUG  ]  Could not find any reports in ('.',)
[2025-08-13 20:23:27,355] multiqc.modules.rseqc.rseqc                        [DEBUG  ]  Could not find any reports in ('.',)
[2025-08-13 20:23:27,359] multiqc.modules.busco.busco                        [DEBUG  ]  Could not find any reports in ('.',)
[2025-08-13 20:23:27,364] multiqc.modules.goleft_indexcov.goleft_indexcov    [DEBUG  ]  Did not find goleft indexcov outputs in ('.',)
[2025-08-13 20:23:27,394] multiqc.modules.snpeff.snpeff                      [DEBUG  ]  Could not find any data in ('.',)
[2025-08-13 20:23:27,425] multiqc.modules.gatk.gatk                          [DEBUG  ]  Could not find any reports in ('.',)
[2025-08-13 20:23:27,454] multiqc.modules.htseq.htseq                        [DEBUG  ]  Could not find any reports in ('.',)
[2025-08-13 20:23:27,484] multiqc.modules.bcftools.bcftools                  [DEBUG  ]  Could not find any reports in ('.',)
[2025-08-13 20:23:27,488] multiqc.modules.featureCounts.feature_counts       [DEBUG  ]  Could not find any reports in ('.',)
[2025-08-13 20:23:27,771] multiqc.modules.picard.picard                      [DEBUG  ]  Could not find any reports in ('.',)
[2025-08-13 20:23:27,777] multiqc.modules.prokka.prokka                      [DEBUG  ]  Could not find any Prokka data in ('.',)
[2025-08-13 20:23:27,807] multiqc.modules.samblaster.samblaster              [DEBUG  ]  Could not find any data in ('.',)
[2025-08-13 20:23:27,891] multiqc.modules.samtools.samtools                  [DEBUG  ]  Could not find any reports in ('.',)
[2025-08-13 20:23:27,921] multiqc.modules.bamtools.bamtools                  [DEBUG  ]  Could not find any reports in ('.',)
[2025-08-13 20:23:27,928] multiqc.modules.bismark.bismark                    [DEBUG  ]  Could not find any reports in ('.',)
[2025-08-13 20:23:27,933] multiqc.modules.hicup.hicup                        [DEBUG  ]  Could not find any HiCUP data in ('.',)
[2025-08-13 20:23:27,937] multiqc.modules.salmon.salmon                      [DEBUG  ]  Could not find any Salmon data in ('.',)
[2025-08-13 20:23:27,967] multiqc.modules.kallisto.kallisto                  [DEBUG  ]  Could not find any reports in ('.',)
[2025-08-13 20:23:28,126] multiqc.modules.slamdunk.slamdunk                  [DEBUG  ]  No slamdunk reports found.
[2025-08-13 20:23:28,131] multiqc.modules.star.star                          [DEBUG  ]  Could not find any reports in ('.',)
[2025-08-13 20:23:28,136] multiqc.modules.tophat.tophat                      [DEBUG  ]  Could not find any reports in ('.',)
[2025-08-13 20:23:28,165] multiqc.modules.bowtie2.bowtie2                    [DEBUG  ]  Could not find any reports in ('.',)
[2025-08-13 20:23:28,194] multiqc.modules.bowtie1.bowtie1                    [DEBUG  ]  Could not find any reports in ('.',)
[2025-08-13 20:23:28,224] multiqc.modules.cutadapt.cutadapt                  [DEBUG  ]  Could not find any reports in ('.',)
[2025-08-13 20:23:28,254] multiqc.modules.trimmomatic.trimmomatic            [DEBUG  ]  Could not find any Trimmomatic data in ('.',)
[2025-08-13 20:23:28,283] multiqc.modules.skewer.skewer                      [DEBUG  ]  Could not find any data in ('.',)
[2025-08-13 20:23:28,288] multiqc.modules.fastq_screen.fastq_screen          [DEBUG  ]  Could not find any reports in ('.',)
[2025-08-13 20:23:28,421] multiqc.modules.fastqc.fastqc                      [DEBUG  ]  Skipping '004-2_1_fastqc.zip' as already parsed '004-2_1'
[2025-08-13 20:23:28,422] multiqc.modules.fastqc.fastqc                      [DEBUG  ]  Skipping '004-2_2_fastqc.zip' as already parsed '004-2_2'
[2025-08-13 20:23:28,423] multiqc.modules.fastqc.fastqc                      [INFO   ]  Found 2 reports
[2025-08-13 20:23:28,517] multiqc.modules.clusterflow.clusterflow            [DEBUG  ]  Could not find any reports in ('.',)
[2025-08-13 20:23:28,518] multiqc                                            [INFO   ]  Report      : multiqc_report.html
[2025-08-13 20:23:28,520] multiqc                                            [INFO   ]  Data        : multiqc_data
[2025-08-13 20:23:28,520] multiqc                                            [DEBUG  ]  Moving data file from '/tmp/tmpyrRJep/multiqc_data/multiqc_fastqc.txt' to '/scratch/home/agupta1/TB/results/qcdata/multiqc_data'
[2025-08-13 20:23:28,522] multiqc                                            [DEBUG  ]  Moving data file from '/tmp/tmpyrRJep/multiqc_data/multiqc_general_stats.txt' to '/scratch/home/agupta1/TB/results/qcdata/multiqc_data'
[2025-08-13 20:23:28,523] multiqc                                            [DEBUG  ]  Moving data file from '/tmp/tmpyrRJep/multiqc_data/multiqc_sources.txt' to '/scratch/home/agupta1/TB/results/qcdata/multiqc_data'
[2025-08-13 20:23:28,622] multiqc                                            [INFO   ]  MultiQC complete
